2024-11-20 15:27:29.838 Script started
2024-11-20 15:27:29.842 Getting Secret Server bearer token
2024-11-20 15:27:42.946 Error trying to get Secret Server bearer token.
2024-11-20 15:27:42.953 Error: {"error":"Login failed."}
2024-11-20 15:27:43.006 Revoking user based SS token
2024-11-20 15:27:43.011 Obtaining SS token for API user
2024-11-20 15:27:43.012 Getting Secret Server bearer token
2024-11-20 15:29:15.286 Script started
2024-11-20 15:29:15.289 Getting Secret Server bearer token
2024-11-20 15:29:36.048 Error trying to get Secret Server bearer token.
2024-11-20 15:29:36.055 Error: {"error":"Login failed."}
2024-11-20 15:29:36.122 Revoking user based SS token
2024-11-20 15:29:36.130 Obtaining SS token for API user
2024-11-20 15:29:36.146 Getting Secret Server bearer token
2024-11-20 15:33:11.354 Script started
2024-11-20 15:33:11.358 Getting Secret Server bearer token
2024-11-20 15:33:29.015 Error trying to get Secret Server bearer token.
2024-11-20 15:33:29.021 Error: {"error":"Login failed."}
2024-11-20 15:33:29.073 Revoking user based SS token
2024-11-20 15:33:29.087 Obtaining SS token for API user
2024-11-20 15:33:29.088 Getting Secret Server bearer token
2024-11-20 15:35:24.797 Script started
2024-11-20 15:35:24.802 Getting Secret Server bearer token
2024-11-20 15:35:42.509 Revoking user based SS token
2024-11-20 15:35:42.516 Revoking bearer token to expire current session
2024-11-20 15:35:42.607 Secret Server session successfully expired
2024-11-20 15:35:42.615 Obtaining SS token for API user
2024-11-20 15:35:42.622 Getting Secret Server bearer token
2024-11-20 15:35:44.369 Current Okta account status for mashburd@erau.edu is ACTIVE
2024-11-20 15:35:44.375 No action required to unsuspend Okta user mashburd@erau.edu
2024-11-20 15:35:44.383 Revoking bearer token to expire current session
2024-11-20 15:35:44.550 Secret Server session successfully expired
2024-11-20 15:35:44.573 Script complete in 19.759816 seconds.
2024-11-20 15:36:12.005 Script started
2024-11-20 15:36:12.008 Getting Secret Server bearer token
2024-11-20 15:36:34.440 Revoking user based SS token
2024-11-20 15:36:34.451 Revoking bearer token to expire current session
2024-11-20 15:36:34.514 Secret Server session successfully expired
2024-11-20 15:36:34.521 Obtaining SS token for API user
2024-11-20 15:36:34.527 Getting Secret Server bearer token
2024-11-20 15:36:35.349 Current Okta account status for mashburd@erau.edu is ACTIVE
2024-11-20 15:36:35.356 No action required to unsuspend Okta user mashburd@erau.edu
2024-11-20 15:36:35.363 Revoking bearer token to expire current session
2024-11-20 15:36:35.419 Secret Server session successfully expired
2024-11-20 15:36:35.427 Script complete in 23.4217541 seconds.
